
Doc:
scope: The nodes in the model graph are organized by their names, which is hierarchical like filesystem.
flops: Number of float operations. Note: Please read the implementation for the math behind it.

Profile:
node name | # float_ops
_TFProfRoot (--/1.19m flops)
  stage1.mbconv2.red.conv/Conv2D (204.80k/204.80k flops)
  stage3.mbconv2.red.conv/Conv2D (204.80k/204.80k flops)
  stage1.mbconv1.red.conv/Conv2D (153.60k/153.60k flops)
  stage2.mbconv1.red.conv/Conv2D (153.60k/153.60k flops)
  stage3.mbconv1.red.conv/Conv2D (153.60k/153.60k flops)
  stage4.mbconv1.red.conv/Conv2D (133.12k/133.12k flops)
  stage1.mbconv1.dp/depthwise (28.80k/28.80k flops)
  stem.conv/Conv2D (28.80k/28.80k flops)
  stage1.mbconv2.dp/depthwise (19.20k/19.20k flops)
  stage2.mbconv1.dp/depthwise (19.20k/19.20k flops)
  stage3.mbconv1.dp/depthwise (14.40k/14.40k flops)
  stage3.mbconv2.dp/depthwise (9.60k/9.60k flops)
  stage4.mbconv1.dp/depthwise (9.60k/9.60k flops)
  max_pooling2d/MaxPool (4.80k/4.80k flops)
  max_pooling2d_1/MaxPool (3.20k/3.20k flops)
  multiply_1/mul (3.20k/3.20k flops)
  stage1.mbconv2.res/add (3.20k/3.20k flops)
  stage1.mbconv2.se.pool/Mean (3.20k/3.20k flops)
  max_pooling2d_2/MaxPool (2.40k/2.40k flops)
  multiply/mul (2.40k/2.40k flops)
  stage1.mbconv1.se.pool/Mean (2.40k/2.40k flops)
  stage3.mbconv2.se.ex.conv/Conv2D (2.05k/2.05k flops)
  stage3.mbconv2.se.sq.conv/Conv2D (2.05k/2.05k flops)
  stage4.mbconv1.se.ex.conv/Conv2D (2.05k/2.05k flops)
  stage4.mbconv1.se.sq.conv/Conv2D (2.05k/2.05k flops)
  max_pooling2d_3/MaxPool (1.66k/1.66k flops)
  multiply_2/mul (1.60k/1.60k flops)
  multiply_4/mul (1.60k/1.60k flops)
  stage2.mbconv1.se.pool/Mean (1.60k/1.60k flops)
  stage3.mbconv2.res/add (1.60k/1.60k flops)
  stage3.mbconv2.se.pool/Mean (1.60k/1.60k flops)
  multiply_3/mul (1.20k/1.20k flops)
  stage3.mbconv1.se.pool/Mean (1.20k/1.20k flops)
  stage3.mbconv1.se.ex.conv/Conv2D (1.15k/1.15k flops)
  stage3.mbconv1.se.sq.conv/Conv2D (1.15k/1.15k flops)
  top.pool/Mean (1.04k/1.04k flops)
  stage1.mbconv2.se.ex.conv/Conv2D (1.02k/1.02k flops)
  stage1.mbconv2.se.sq.conv/Conv2D (1.02k/1.02k flops)
  multiply_5/mul (832/832 flops)
  stage4.mbconv1.se.pool/Mean (832/832 flops)
  stage1.mbconv1.se.ex.conv/Conv2D (576/576 flops)
  stage1.mbconv1.se.sq.conv/Conv2D (576/576 flops)
  stage2.mbconv1.se.ex.conv/Conv2D (512/512 flops)
  stage2.mbconv1.se.sq.conv/Conv2D (512/512 flops)
  top/MatMul (320/320 flops)
  stage3.mbconv2.se.ex.act/clip_by_value (64/128 flops)
    stage3.mbconv2.se.ex.act/clip_by_value/Minimum (64/64 flops)
  stage4.mbconv1.se.ex.act/clip_by_value (64/128 flops)
    stage4.mbconv1.se.ex.act/clip_by_value/Minimum (64/64 flops)
  stage3.mbconv1.se.ex.act/clip_by_value (48/96 flops)
    stage3.mbconv1.se.ex.act/clip_by_value/Minimum (48/48 flops)
  stage1.mbconv2.se.ex.act/clip_by_value (32/64 flops)
    stage1.mbconv2.se.ex.act/clip_by_value/Minimum (32/32 flops)
  stage2.mbconv1.se.ex.act/clip_by_value (32/64 flops)
    stage2.mbconv1.se.ex.act/clip_by_value/Minimum (32/32 flops)
  stage3.mbconv2.se.ex.act/Add (64/64 flops)
  stage3.mbconv2.se.ex.act/Mul (64/64 flops)
  stage3.mbconv2.se.ex.conv/BiasAdd (64/64 flops)
  stage4.mbconv1.se.ex.act/Add (64/64 flops)
  stage4.mbconv1.se.ex.act/Mul (64/64 flops)
  stage4.mbconv1.se.ex.conv/BiasAdd (64/64 flops)
  stage1.mbconv1.se.ex.act/clip_by_value (24/48 flops)
    stage1.mbconv1.se.ex.act/clip_by_value/Minimum (24/24 flops)
  stage3.mbconv1.se.ex.act/Add (48/48 flops)
  stage3.mbconv1.se.ex.act/Mul (48/48 flops)
  stage3.mbconv1.se.ex.conv/BiasAdd (48/48 flops)
  stage1.mbconv2.se.ex.act/Add (32/32 flops)
  stage1.mbconv2.se.ex.act/Mul (32/32 flops)
  stage1.mbconv2.se.ex.conv/BiasAdd (32/32 flops)
  stage2.mbconv1.se.ex.act/Add (32/32 flops)
  stage2.mbconv1.se.ex.act/Mul (32/32 flops)
  stage2.mbconv1.se.ex.conv/BiasAdd (32/32 flops)
  stage1.mbconv1.se.ex.act/Add (24/24 flops)
  stage1.mbconv1.se.ex.act/Mul (24/24 flops)
  stage1.mbconv1.se.ex.conv/BiasAdd (24/24 flops)
  stage1.mbconv2.se.sq.conv/BiasAdd (16/16 flops)
  stage3.mbconv2.se.sq.conv/BiasAdd (16/16 flops)
  stage4.mbconv1.se.sq.conv/BiasAdd (16/16 flops)
  stage1.mbconv1.se.sq.conv/BiasAdd (12/12 flops)
  stage3.mbconv1.se.sq.conv/BiasAdd (12/12 flops)
  stage2.mbconv1.se.sq.conv/BiasAdd (8/8 flops)
  top/BiasAdd (2/2 flops)
